[13-Oct-2022 23:40:22 Europe/Berlin] CONTROLLER::CONSTRUCT=>OK
[13-Oct-2022 23:40:22 Europe/Berlin] VIEW::CONSTRUCT=>OK
[13-Oct-2022 23:40:22 Europe/Berlin] DATABASE::=>Conect successfuly
[13-Oct-2022 23:40:22 Europe/Berlin] DATABASE::=>Conect successfuly
[13-Oct-2022 23:40:22 Europe/Berlin] APP::constructor=>No existe el controlador favicon.ico
[13-Oct-2022 23:40:22 Europe/Berlin] ERROR_CONTROLLER::CONSTRUCT=>Loaded
[13-Oct-2022 23:40:22 Europe/Berlin] CONTROLLER::CONSTRUCT=>OK
[13-Oct-2022 23:40:22 Europe/Berlin] VIEW::CONSTRUCT=>OK
[13-Oct-2022 23:40:22 Europe/Berlin] CONTROLLER::CONSTRUCT=>OK
[13-Oct-2022 23:40:22 Europe/Berlin] VIEW::CONSTRUCT=>OK
[13-Oct-2022 23:40:22 Europe/Berlin] DATABASE::=>Conect successfuly
[13-Oct-2022 23:40:22 Europe/Berlin] DATABASE::=>Conect successfuly
[13-Oct-2022 23:40:22 Europe/Berlin] APP::constructor=>No existe el controlador favicon.ico
[13-Oct-2022 23:40:22 Europe/Berlin] ERROR_CONTROLLER::CONSTRUCT=>Loaded
[13-Oct-2022 23:40:22 Europe/Berlin] CONTROLLER::CONSTRUCT=>OK
[13-Oct-2022 23:40:22 Europe/Berlin] VIEW::CONSTRUCT=>OK
[13-Oct-2022 23:40:22 Europe/Berlin] CONTROLLER::CONSTRUCT=>OK
[13-Oct-2022 23:40:22 Europe/Berlin] VIEW::CONSTRUCT=>OK
[13-Oct-2022 23:40:22 Europe/Berlin] DATABASE::=>Conect successfuly
[13-Oct-2022 23:40:22 Europe/Berlin] DATABASE::=>Conect successfuly
[13-Oct-2022 23:40:23 Europe/Berlin] APP::constructor=>No existe el controlador favicon.ico
[13-Oct-2022 23:40:23 Europe/Berlin] ERROR_CONTROLLER::CONSTRUCT=>Loaded
[13-Oct-2022 23:40:23 Europe/Berlin] CONTROLLER::CONSTRUCT=>OK
[13-Oct-2022 23:40:23 Europe/Berlin] VIEW::CONSTRUCT=>OK
[13-Oct-2022 23:40:23 Europe/Berlin] CONTROLLER::CONSTRUCT=>OK
[13-Oct-2022 23:40:23 Europe/Berlin] VIEW::CONSTRUCT=>OK
[13-Oct-2022 23:40:23 Europe/Berlin] DATABASE::=>Conect successfuly
[13-Oct-2022 23:40:23 Europe/Berlin] DATABASE::=>Conect successfuly
[13-Oct-2022 23:40:23 Europe/Berlin] APP::constructor=>No existe el controlador favicon.ico
[13-Oct-2022 23:40:23 Europe/Berlin] ERROR_CONTROLLER::CONSTRUCT=>Loaded
[13-Oct-2022 23:40:23 Europe/Berlin] CONTROLLER::CONSTRUCT=>OK
[13-Oct-2022 23:40:23 Europe/Berlin] VIEW::CONSTRUCT=>OK
[13-Oct-2022 23:40:23 Europe/Berlin] CONTROLLER::CONSTRUCT=>OK
[13-Oct-2022 23:40:23 Europe/Berlin] VIEW::CONSTRUCT=>OK
[13-Oct-2022 23:40:23 Europe/Berlin] DATABASE::=>Conect successfuly
[13-Oct-2022 23:40:23 Europe/Berlin] DATABASE::=>Conect successfuly
[13-Oct-2022 23:40:23 Europe/Berlin] APP::constructor=>No existe el controlador favicon.ico
[13-Oct-2022 23:40:23 Europe/Berlin] ERROR_CONTROLLER::CONSTRUCT=>Loaded
[13-Oct-2022 23:40:23 Europe/Berlin] CONTROLLER::CONSTRUCT=>OK
[13-Oct-2022 23:40:23 Europe/Berlin] VIEW::CONSTRUCT=>OK
[13-Oct-2022 23:40:23 Europe/Berlin] CONTROLLER::CONSTRUCT=>OK
[13-Oct-2022 23:40:23 Europe/Berlin] VIEW::CONSTRUCT=>OK
[13-Oct-2022 23:40:23 Europe/Berlin] DATABASE::=>Conect successfuly
[13-Oct-2022 23:40:23 Europe/Berlin] DATABASE::=>Conect successfuly
[13-Oct-2022 23:40:23 Europe/Berlin] APP::constructor=>No existe el controlador favicon.ico
[13-Oct-2022 23:40:23 Europe/Berlin] ERROR_CONTROLLER::CONSTRUCT=>Loaded
[13-Oct-2022 23:40:23 Europe/Berlin] CONTROLLER::CONSTRUCT=>OK
[13-Oct-2022 23:40:23 Europe/Berlin] VIEW::CONSTRUCT=>OK
[13-Oct-2022 23:40:23 Europe/Berlin] CONTROLLER::CONSTRUCT=>OK
[13-Oct-2022 23:40:23 Europe/Berlin] VIEW::CONSTRUCT=>OK
[13-Oct-2022 23:40:23 Europe/Berlin] DATABASE::=>Conect successfuly
[13-Oct-2022 23:40:23 Europe/Berlin] DATABASE::=>Conect successfuly
[13-Oct-2022 23:40:23 Europe/Berlin] APP::constructor=>No existe el controlador favicon.ico
[13-Oct-2022 23:40:23 Europe/Berlin] ERROR_CONTROLLER::CONSTRUCT=>Loaded
[13-Oct-2022 23:40:23 Europe/Berlin] CONTROLLER::CONSTRUCT=>OK
[13-Oct-2022 23:40:23 Europe/Berlin] VIEW::CONSTRUCT=>OK
[13-Oct-2022 23:40:23 Europe/Berlin] CONTROLLER::CONSTRUCT=>OK
[13-Oct-2022 23:40:23 Europe/Berlin] VIEW::CONSTRUCT=>OK
[13-Oct-2022 23:40:23 Europe/Berlin] DATABASE::=>Conect successfuly
[13-Oct-2022 23:40:23 Europe/Berlin] DATABASE::=>Conect successfuly
[13-Oct-2022 23:40:23 Europe/Berlin] APP::constructor=>No existe el controlador favicon.ico
[13-Oct-2022 23:40:23 Europe/Berlin] ERROR_CONTROLLER::CONSTRUCT=>Loaded
[13-Oct-2022 23:40:23 Europe/Berlin] CONTROLLER::CONSTRUCT=>OK
[13-Oct-2022 23:40:23 Europe/Berlin] VIEW::CONSTRUCT=>OK
[13-Oct-2022 23:40:23 Europe/Berlin] CONTROLLER::CONSTRUCT=>OK
[13-Oct-2022 23:40:23 Europe/Berlin] VIEW::CONSTRUCT=>OK
[13-Oct-2022 23:40:23 Europe/Berlin] DATABASE::=>Conect successfuly
[13-Oct-2022 23:40:23 Europe/Berlin] DATABASE::=>Conect successfuly
[13-Oct-2022 23:40:24 Europe/Berlin] APP::constructor=>No existe el controlador favicon.ico
[13-Oct-2022 23:40:24 Europe/Berlin] ERROR_CONTROLLER::CONSTRUCT=>Loaded
[13-Oct-2022 23:40:24 Europe/Berlin] CONTROLLER::CONSTRUCT=>OK
[13-Oct-2022 23:40:24 Europe/Berlin] VIEW::CONSTRUCT=>OK
[13-Oct-2022 23:40:24 Europe/Berlin] CONTROLLER::CONSTRUCT=>OK
[13-Oct-2022 23:40:24 Europe/Berlin] VIEW::CONSTRUCT=>OK
[13-Oct-2022 23:40:24 Europe/Berlin] DATABASE::=>Conect successfuly
[13-Oct-2022 23:40:24 Europe/Berlin] DATABASE::=>Conect successfuly
[13-Oct-2022 23:40:24 Europe/Berlin] APP::constructor=>No existe el controlador favicon.ico
[13-Oct-2022 23:40:24 Europe/Berlin] ERROR_CONTROLLER::CONSTRUCT=>Loaded
[13-Oct-2022 23:40:24 Europe/Berlin] CONTROLLER::CONSTRUCT=>OK
[13-Oct-2022 23:40:24 Europe/Berlin] VIEW::CONSTRUCT=>OK
[13-Oct-2022 23:40:24 Europe/Berlin] CONTROLLER::CONSTRUCT=>OK
[13-Oct-2022 23:40:24 Europe/Berlin] VIEW::CONSTRUCT=>OK
[13-Oct-2022 23:40:24 Europe/Berlin] DATABASE::=>Conect successfuly
[13-Oct-2022 23:40:24 Europe/Berlin] DATABASE::=>Conect successfuly
[13-Oct-2022 23:40:24 Europe/Berlin] APP::constructor=>No existe el controlador favicon.ico
[13-Oct-2022 23:40:24 Europe/Berlin] ERROR_CONTROLLER::CONSTRUCT=>Loaded
[13-Oct-2022 23:40:24 Europe/Berlin] CONTROLLER::CONSTRUCT=>OK
[13-Oct-2022 23:40:24 Europe/Berlin] VIEW::CONSTRUCT=>OK
[13-Oct-2022 23:40:24 Europe/Berlin] CONTROLLER::CONSTRUCT=>OK
[13-Oct-2022 23:40:24 Europe/Berlin] VIEW::CONSTRUCT=>OK
[13-Oct-2022 23:40:24 Europe/Berlin] DATABASE::=>Conect successfuly
[13-Oct-2022 23:40:24 Europe/Berlin] DATABASE::=>Conect successfuly
[13-Oct-2022 23:40:24 Europe/Berlin] APP::constructor=>No existe el controlador favicon.ico
[13-Oct-2022 23:40:24 Europe/Berlin] ERROR_CONTROLLER::CONSTRUCT=>Loaded
[13-Oct-2022 23:40:24 Europe/Berlin] CONTROLLER::CONSTRUCT=>OK
[13-Oct-2022 23:40:24 Europe/Berlin] VIEW::CONSTRUCT=>OK
[13-Oct-2022 23:41:30 Europe/Berlin] CONTROLLER::CONSTRUCT=>OK
[13-Oct-2022 23:41:30 Europe/Berlin] VIEW::CONSTRUCT=>OK
[13-Oct-2022 23:41:30 Europe/Berlin] DATABASE::=>Conect successfuly
[13-Oct-2022 23:41:30 Europe/Berlin] DATABASE::=>Conect successfuly
[13-Oct-2022 23:41:30 Europe/Berlin] APP::constructor=>No existe el controlador favicon.ico
[13-Oct-2022 23:41:30 Europe/Berlin] ERROR_CONTROLLER::CONSTRUCT=>Loaded
[13-Oct-2022 23:41:30 Europe/Berlin] CONTROLLER::CONSTRUCT=>OK
[13-Oct-2022 23:41:30 Europe/Berlin] VIEW::CONSTRUCT=>OK
[13-Oct-2022 23:41:30 Europe/Berlin] CONTROLLER::CONSTRUCT=>OK
[13-Oct-2022 23:41:30 Europe/Berlin] VIEW::CONSTRUCT=>OK
[13-Oct-2022 23:41:30 Europe/Berlin] DATABASE::=>Conect successfuly
[13-Oct-2022 23:41:30 Europe/Berlin] DATABASE::=>Conect successfuly
[13-Oct-2022 23:41:31 Europe/Berlin] APP::constructor=>No existe el controlador favicon.ico
[13-Oct-2022 23:41:31 Europe/Berlin] ERROR_CONTROLLER::CONSTRUCT=>Loaded
[13-Oct-2022 23:41:31 Europe/Berlin] CONTROLLER::CONSTRUCT=>OK
[13-Oct-2022 23:41:31 Europe/Berlin] VIEW::CONSTRUCT=>OK
[13-Oct-2022 23:41:31 Europe/Berlin] CONTROLLER::CONSTRUCT=>OK
[13-Oct-2022 23:41:31 Europe/Berlin] VIEW::CONSTRUCT=>OK
[13-Oct-2022 23:41:31 Europe/Berlin] DATABASE::=>Conect successfuly
[13-Oct-2022 23:41:31 Europe/Berlin] DATABASE::=>Conect successfuly
[13-Oct-2022 23:41:31 Europe/Berlin] APP::constructor=>No existe el controlador favicon.ico
[13-Oct-2022 23:41:31 Europe/Berlin] ERROR_CONTROLLER::CONSTRUCT=>Loaded
[13-Oct-2022 23:41:31 Europe/Berlin] CONTROLLER::CONSTRUCT=>OK
[13-Oct-2022 23:41:31 Europe/Berlin] VIEW::CONSTRUCT=>OK
[13-Oct-2022 23:41:31 Europe/Berlin] CONTROLLER::CONSTRUCT=>OK
[13-Oct-2022 23:41:31 Europe/Berlin] VIEW::CONSTRUCT=>OK
[13-Oct-2022 23:41:31 Europe/Berlin] DATABASE::=>Conect successfuly
[13-Oct-2022 23:41:31 Europe/Berlin] DATABASE::=>Conect successfuly
[13-Oct-2022 23:41:31 Europe/Berlin] APP::constructor=>No existe el controlador favicon.ico
[13-Oct-2022 23:41:31 Europe/Berlin] ERROR_CONTROLLER::CONSTRUCT=>Loaded
[13-Oct-2022 23:41:31 Europe/Berlin] CONTROLLER::CONSTRUCT=>OK
[13-Oct-2022 23:41:31 Europe/Berlin] VIEW::CONSTRUCT=>OK
[13-Oct-2022 23:41:31 Europe/Berlin] CONTROLLER::CONSTRUCT=>OK
[13-Oct-2022 23:41:31 Europe/Berlin] VIEW::CONSTRUCT=>OK
[13-Oct-2022 23:41:31 Europe/Berlin] DATABASE::=>Conect successfuly
[13-Oct-2022 23:41:31 Europe/Berlin] DATABASE::=>Conect successfuly
[13-Oct-2022 23:41:31 Europe/Berlin] APP::constructor=>No existe el controlador favicon.ico
[13-Oct-2022 23:41:31 Europe/Berlin] ERROR_CONTROLLER::CONSTRUCT=>Loaded
[13-Oct-2022 23:41:31 Europe/Berlin] CONTROLLER::CONSTRUCT=>OK
[13-Oct-2022 23:41:31 Europe/Berlin] VIEW::CONSTRUCT=>OK
[13-Oct-2022 23:41:31 Europe/Berlin] CONTROLLER::CONSTRUCT=>OK
[13-Oct-2022 23:41:31 Europe/Berlin] VIEW::CONSTRUCT=>OK
[13-Oct-2022 23:41:31 Europe/Berlin] DATABASE::=>Conect successfuly
[13-Oct-2022 23:41:31 Europe/Berlin] DATABASE::=>Conect successfuly
[13-Oct-2022 23:41:31 Europe/Berlin] APP::constructor=>No existe el controlador favicon.ico
[13-Oct-2022 23:41:31 Europe/Berlin] ERROR_CONTROLLER::CONSTRUCT=>Loaded
[13-Oct-2022 23:41:31 Europe/Berlin] CONTROLLER::CONSTRUCT=>OK
[13-Oct-2022 23:41:31 Europe/Berlin] VIEW::CONSTRUCT=>OK
[13-Oct-2022 23:41:33 Europe/Berlin] CONTROLLER::CONSTRUCT=>OK
[13-Oct-2022 23:41:33 Europe/Berlin] VIEW::CONSTRUCT=>OK
[13-Oct-2022 23:41:33 Europe/Berlin] APP::constructor=>No existe el controlador css
[13-Oct-2022 23:41:33 Europe/Berlin] ERROR_CONTROLLER::CONSTRUCT=>Loaded
[13-Oct-2022 23:41:33 Europe/Berlin] CONTROLLER::CONSTRUCT=>OK
[13-Oct-2022 23:41:33 Europe/Berlin] VIEW::CONSTRUCT=>OK
[13-Oct-2022 23:41:33 Europe/Berlin] APP::constructor=>No existe el controlador img
[13-Oct-2022 23:41:33 Europe/Berlin] ERROR_CONTROLLER::CONSTRUCT=>Loaded
[13-Oct-2022 23:41:33 Europe/Berlin] CONTROLLER::CONSTRUCT=>OK
[13-Oct-2022 23:41:33 Europe/Berlin] VIEW::CONSTRUCT=>OK
[13-Oct-2022 23:41:41 Europe/Berlin] CONTROLLER::CONSTRUCT=>OK
[13-Oct-2022 23:41:41 Europe/Berlin] VIEW::CONSTRUCT=>OK
[13-Oct-2022 23:41:41 Europe/Berlin] DATABASE::=>Conect successfuly
[13-Oct-2022 23:41:41 Europe/Berlin] DATABASE::=>Conect successfuly
[13-Oct-2022 23:41:41 Europe/Berlin] APP::constructor=>No existe el controlador favicon.ico
[13-Oct-2022 23:41:41 Europe/Berlin] ERROR_CONTROLLER::CONSTRUCT=>Loaded
[13-Oct-2022 23:41:41 Europe/Berlin] CONTROLLER::CONSTRUCT=>OK
[13-Oct-2022 23:41:41 Europe/Berlin] VIEW::CONSTRUCT=>OK
[13-Oct-2022 23:41:42 Europe/Berlin] CONTROLLER::CONSTRUCT=>OK
[13-Oct-2022 23:41:42 Europe/Berlin] VIEW::CONSTRUCT=>OK
[13-Oct-2022 23:41:42 Europe/Berlin] APP::constructor=>No existe el controlador css
[13-Oct-2022 23:41:42 Europe/Berlin] ERROR_CONTROLLER::CONSTRUCT=>Loaded
[13-Oct-2022 23:41:42 Europe/Berlin] CONTROLLER::CONSTRUCT=>OK
[13-Oct-2022 23:41:42 Europe/Berlin] VIEW::CONSTRUCT=>OK
[13-Oct-2022 23:41:43 Europe/Berlin] APP::constructor=>No existe el controlador img
[13-Oct-2022 23:41:43 Europe/Berlin] ERROR_CONTROLLER::CONSTRUCT=>Loaded
[13-Oct-2022 23:41:43 Europe/Berlin] CONTROLLER::CONSTRUCT=>OK
[13-Oct-2022 23:41:43 Europe/Berlin] VIEW::CONSTRUCT=>OK
[13-Oct-2022 23:41:44 Europe/Berlin] CONTROLLER::CONSTRUCT=>OK
[13-Oct-2022 23:41:44 Europe/Berlin] VIEW::CONSTRUCT=>OK
[13-Oct-2022 23:41:44 Europe/Berlin] DATABASE::=>Conect successfuly
[13-Oct-2022 23:41:44 Europe/Berlin] DATABASE::=>Conect successfuly
[13-Oct-2022 23:41:44 Europe/Berlin] APP::constructor=>No existe el controlador favicon.ico
[13-Oct-2022 23:41:44 Europe/Berlin] ERROR_CONTROLLER::CONSTRUCT=>Loaded
[13-Oct-2022 23:41:44 Europe/Berlin] CONTROLLER::CONSTRUCT=>OK
[13-Oct-2022 23:41:44 Europe/Berlin] VIEW::CONSTRUCT=>OK
[13-Oct-2022 23:41:45 Europe/Berlin] CONTROLLER::CONSTRUCT=>OK
[13-Oct-2022 23:41:45 Europe/Berlin] VIEW::CONSTRUCT=>OK
[13-Oct-2022 23:41:45 Europe/Berlin] APP::constructor=>No existe el controlador css
[13-Oct-2022 23:41:45 Europe/Berlin] ERROR_CONTROLLER::CONSTRUCT=>Loaded
[13-Oct-2022 23:41:45 Europe/Berlin] CONTROLLER::CONSTRUCT=>OK
[13-Oct-2022 23:41:45 Europe/Berlin] VIEW::CONSTRUCT=>OK
[13-Oct-2022 23:41:45 Europe/Berlin] APP::constructor=>No existe el controlador img
[13-Oct-2022 23:41:45 Europe/Berlin] ERROR_CONTROLLER::CONSTRUCT=>Loaded
[13-Oct-2022 23:41:45 Europe/Berlin] CONTROLLER::CONSTRUCT=>OK
[13-Oct-2022 23:41:45 Europe/Berlin] VIEW::CONSTRUCT=>OK
[13-Oct-2022 23:41:48 Europe/Berlin] CONTROLLER::CONSTRUCT=>OK
[13-Oct-2022 23:41:48 Europe/Berlin] VIEW::CONSTRUCT=>OK
[13-Oct-2022 23:41:48 Europe/Berlin] DATABASE::=>Conect successfuly
[13-Oct-2022 23:41:48 Europe/Berlin] CONTROLLER::CONSTRUCT=>OK
[13-Oct-2022 23:41:48 Europe/Berlin] VIEW::CONSTRUCT=>OK
[13-Oct-2022 23:41:48 Europe/Berlin] APP::constructor=>No existe el controlador css
[13-Oct-2022 23:41:48 Europe/Berlin] ERROR_CONTROLLER::CONSTRUCT=>Loaded
[13-Oct-2022 23:41:48 Europe/Berlin] CONTROLLER::CONSTRUCT=>OK
[13-Oct-2022 23:41:48 Europe/Berlin] VIEW::CONSTRUCT=>OK
[13-Oct-2022 23:41:48 Europe/Berlin] APP::constructor=>No existe el controlador img
[13-Oct-2022 23:41:48 Europe/Berlin] ERROR_CONTROLLER::CONSTRUCT=>Loaded
[13-Oct-2022 23:41:48 Europe/Berlin] CONTROLLER::CONSTRUCT=>OK
[13-Oct-2022 23:41:48 Europe/Berlin] VIEW::CONSTRUCT=>OK
[13-Oct-2022 23:41:54 Europe/Berlin] CONTROLLER::CONSTRUCT=>OK
[13-Oct-2022 23:41:54 Europe/Berlin] VIEW::CONSTRUCT=>OK
[13-Oct-2022 23:41:54 Europe/Berlin] DATABASE::=>Conect successfuly
[13-Oct-2022 23:41:54 Europe/Berlin] DATABASE::=>Conect successfuly
[13-Oct-2022 23:41:54 Europe/Berlin] DATABASE::=>Conect successfuly
[13-Oct-2022 23:41:54 Europe/Berlin] DATABASE::=>Conect successfuly
[13-Oct-2022 23:41:54 Europe/Berlin] DATABASE::=>Conect successfuly
[13-Oct-2022 23:41:54 Europe/Berlin] DATABASE::=>Conect successfuly
[13-Oct-2022 23:41:54 Europe/Berlin] DATABASE::=>Conect successfuly
[13-Oct-2022 23:41:54 Europe/Berlin] DATABASE::=>Conect successfuly
[13-Oct-2022 23:41:54 Europe/Berlin] APP::constructor=>No existe el controlador favicon.ico
[13-Oct-2022 23:41:54 Europe/Berlin] ERROR_CONTROLLER::CONSTRUCT=>Loaded
[13-Oct-2022 23:41:54 Europe/Berlin] CONTROLLER::CONSTRUCT=>OK
[13-Oct-2022 23:41:54 Europe/Berlin] VIEW::CONSTRUCT=>OK
[13-Oct-2022 23:50:09 Europe/Berlin] CONTROLLER::CONSTRUCT=>OK
[13-Oct-2022 23:50:09 Europe/Berlin] VIEW::CONSTRUCT=>OK
[13-Oct-2022 23:50:09 Europe/Berlin] DATABASE::=>Conect successfuly
[13-Oct-2022 23:50:09 Europe/Berlin] DATABASE::=>Conect successfuly
[13-Oct-2022 23:50:09 Europe/Berlin] DATABASE::=>Conect successfuly
[13-Oct-2022 23:50:09 Europe/Berlin] DATABASE::=>Conect successfuly
[13-Oct-2022 23:50:09 Europe/Berlin] DATABASE::=>Conect successfuly
[13-Oct-2022 23:50:09 Europe/Berlin] DATABASE::=>Conect successfuly
[13-Oct-2022 23:50:09 Europe/Berlin] DATABASE::=>Conect successfuly
[13-Oct-2022 23:50:09 Europe/Berlin] DATABASE::=>Conect successfuly
[13-Oct-2022 23:50:09 Europe/Berlin] APP::constructor=>No existe el controlador favicon.ico
[13-Oct-2022 23:50:09 Europe/Berlin] ERROR_CONTROLLER::CONSTRUCT=>Loaded
[13-Oct-2022 23:50:09 Europe/Berlin] CONTROLLER::CONSTRUCT=>OK
[13-Oct-2022 23:50:09 Europe/Berlin] VIEW::CONSTRUCT=>OK
[13-Oct-2022 23:50:24 Europe/Berlin] CONTROLLER::CONSTRUCT=>OK
[13-Oct-2022 23:50:24 Europe/Berlin] VIEW::CONSTRUCT=>OK
[13-Oct-2022 23:50:24 Europe/Berlin] DATABASE::=>Conect successfuly
[13-Oct-2022 23:50:24 Europe/Berlin] DATABASE::=>Conect successfuly
[13-Oct-2022 23:50:24 Europe/Berlin] DATABASE::=>Conect successfuly
[13-Oct-2022 23:50:24 Europe/Berlin] DATABASE::=>Conect successfuly
[13-Oct-2022 23:50:24 Europe/Berlin] DATABASE::=>Conect successfuly
[13-Oct-2022 23:50:24 Europe/Berlin] DATABASE::=>Conect successfuly
[13-Oct-2022 23:50:24 Europe/Berlin] DATABASE::=>Conect successfuly
[13-Oct-2022 23:50:24 Europe/Berlin] DATABASE::=>Conect successfuly
[13-Oct-2022 23:50:24 Europe/Berlin] APP::constructor=>No existe el controlador favicon.ico
[13-Oct-2022 23:50:24 Europe/Berlin] ERROR_CONTROLLER::CONSTRUCT=>Loaded
[13-Oct-2022 23:50:24 Europe/Berlin] CONTROLLER::CONSTRUCT=>OK
[13-Oct-2022 23:50:24 Europe/Berlin] VIEW::CONSTRUCT=>OK
[13-Oct-2022 23:50:36 Europe/Berlin] CONTROLLER::CONSTRUCT=>OK
[13-Oct-2022 23:50:36 Europe/Berlin] VIEW::CONSTRUCT=>OK
[13-Oct-2022 23:50:36 Europe/Berlin] DATABASE::=>Conect successfuly
[13-Oct-2022 23:50:36 Europe/Berlin] DATABASE::=>Conect successfuly
[13-Oct-2022 23:50:36 Europe/Berlin] DATABASE::=>Conect successfuly
[13-Oct-2022 23:50:36 Europe/Berlin] DATABASE::=>Conect successfuly
[13-Oct-2022 23:50:36 Europe/Berlin] DATABASE::=>Conect successfuly
[13-Oct-2022 23:50:36 Europe/Berlin] DATABASE::=>Conect successfuly
[13-Oct-2022 23:50:36 Europe/Berlin] DATABASE::=>Conect successfuly
[13-Oct-2022 23:50:36 Europe/Berlin] DATABASE::=>Conect successfuly
[13-Oct-2022 23:50:36 Europe/Berlin] APP::constructor=>No existe el controlador favicon.ico
[13-Oct-2022 23:50:36 Europe/Berlin] ERROR_CONTROLLER::CONSTRUCT=>Loaded
[13-Oct-2022 23:50:36 Europe/Berlin] CONTROLLER::CONSTRUCT=>OK
[13-Oct-2022 23:50:36 Europe/Berlin] VIEW::CONSTRUCT=>OK
[13-Oct-2022 23:52:07 Europe/Berlin] CONTROLLER::CONSTRUCT=>OK
[13-Oct-2022 23:52:07 Europe/Berlin] VIEW::CONSTRUCT=>OK
[13-Oct-2022 23:52:07 Europe/Berlin] DATABASE::=>Conect successfuly
[13-Oct-2022 23:52:07 Europe/Berlin] DATABASE::=>Conect successfuly
[13-Oct-2022 23:52:07 Europe/Berlin] DATABASE::=>Conect successfuly
[13-Oct-2022 23:52:07 Europe/Berlin] DATABASE::=>Conect successfuly
[13-Oct-2022 23:52:07 Europe/Berlin] DATABASE::=>Conect successfuly
[13-Oct-2022 23:52:07 Europe/Berlin] DATABASE::=>Conect successfuly
[13-Oct-2022 23:52:07 Europe/Berlin] DATABASE::=>Conect successfuly
[13-Oct-2022 23:52:07 Europe/Berlin] DATABASE::=>Conect successfuly
[13-Oct-2022 23:52:07 Europe/Berlin] PHP Warning:  Undefined array key "sessionName" in C:\xampp\htdocs\apprender.com\views\components\header.php on line 36
[13-Oct-2022 23:52:07 Europe/Berlin] APP::constructor=>No se especifico controlador
[13-Oct-2022 23:52:07 Europe/Berlin] CONTROLLER::CONSTRUCT=>OK
[13-Oct-2022 23:52:07 Europe/Berlin] VIEW::CONSTRUCT=>OK
[13-Oct-2022 23:52:08 Europe/Berlin] APP::constructor=>No existe el controlador favicon.ico
[13-Oct-2022 23:52:08 Europe/Berlin] ERROR_CONTROLLER::CONSTRUCT=>Loaded
[13-Oct-2022 23:52:08 Europe/Berlin] CONTROLLER::CONSTRUCT=>OK
[13-Oct-2022 23:52:08 Europe/Berlin] VIEW::CONSTRUCT=>OK
[13-Oct-2022 23:52:11 Europe/Berlin] CONTROLLER::CONSTRUCT=>OK
[13-Oct-2022 23:52:11 Europe/Berlin] VIEW::CONSTRUCT=>OK
[13-Oct-2022 23:52:12 Europe/Berlin] APP::constructor=>No existe el controlador favicon.ico
[13-Oct-2022 23:52:12 Europe/Berlin] ERROR_CONTROLLER::CONSTRUCT=>Loaded
[13-Oct-2022 23:52:12 Europe/Berlin] CONTROLLER::CONSTRUCT=>OK
[13-Oct-2022 23:52:12 Europe/Berlin] VIEW::CONSTRUCT=>OK
[13-Oct-2022 23:53:26 Europe/Berlin] CONTROLLER::CONSTRUCT=>OK
[13-Oct-2022 23:53:26 Europe/Berlin] VIEW::CONSTRUCT=>OK
[13-Oct-2022 23:53:26 Europe/Berlin] DATABASE::=>Conect successfuly
[13-Oct-2022 23:53:26 Europe/Berlin] DATABASE::=>Conect successfuly
[13-Oct-2022 23:53:26 Europe/Berlin] DATABASE::=>Conect successfuly
[13-Oct-2022 23:53:26 Europe/Berlin] DATABASE::=>Conect successfuly
[13-Oct-2022 23:53:26 Europe/Berlin] DATABASE::=>Conect successfuly
[13-Oct-2022 23:53:26 Europe/Berlin] DATABASE::=>Conect successfuly
[13-Oct-2022 23:53:26 Europe/Berlin] DATABASE::=>Conect successfuly
[13-Oct-2022 23:53:26 Europe/Berlin] DATABASE::=>Conect successfuly
[13-Oct-2022 23:53:26 Europe/Berlin] APP::constructor=>No existe el controlador favicon.ico
[13-Oct-2022 23:53:26 Europe/Berlin] ERROR_CONTROLLER::CONSTRUCT=>Loaded
[13-Oct-2022 23:53:26 Europe/Berlin] CONTROLLER::CONSTRUCT=>OK
[13-Oct-2022 23:53:26 Europe/Berlin] VIEW::CONSTRUCT=>OK
[13-Oct-2022 23:53:27 Europe/Berlin] CONTROLLER::CONSTRUCT=>OK
[13-Oct-2022 23:53:27 Europe/Berlin] VIEW::CONSTRUCT=>OK
[13-Oct-2022 23:53:27 Europe/Berlin] DATABASE::=>Conect successfuly
[13-Oct-2022 23:53:27 Europe/Berlin] DATABASE::=>Conect successfuly
[13-Oct-2022 23:53:27 Europe/Berlin] DATABASE::=>Conect successfuly
[13-Oct-2022 23:53:27 Europe/Berlin] DATABASE::=>Conect successfuly
[13-Oct-2022 23:53:27 Europe/Berlin] DATABASE::=>Conect successfuly
[13-Oct-2022 23:53:27 Europe/Berlin] DATABASE::=>Conect successfuly
[13-Oct-2022 23:53:27 Europe/Berlin] DATABASE::=>Conect successfuly
[13-Oct-2022 23:53:27 Europe/Berlin] DATABASE::=>Conect successfuly
[13-Oct-2022 23:53:27 Europe/Berlin] APP::constructor=>No existe el controlador favicon.ico
[13-Oct-2022 23:53:27 Europe/Berlin] ERROR_CONTROLLER::CONSTRUCT=>Loaded
[13-Oct-2022 23:53:27 Europe/Berlin] CONTROLLER::CONSTRUCT=>OK
[13-Oct-2022 23:53:27 Europe/Berlin] VIEW::CONSTRUCT=>OK
[13-Oct-2022 23:53:27 Europe/Berlin] CONTROLLER::CONSTRUCT=>OK
[13-Oct-2022 23:53:27 Europe/Berlin] VIEW::CONSTRUCT=>OK
[13-Oct-2022 23:53:27 Europe/Berlin] DATABASE::=>Conect successfuly
[13-Oct-2022 23:53:27 Europe/Berlin] DATABASE::=>Conect successfuly
[13-Oct-2022 23:53:27 Europe/Berlin] DATABASE::=>Conect successfuly
[13-Oct-2022 23:53:27 Europe/Berlin] DATABASE::=>Conect successfuly
[13-Oct-2022 23:53:27 Europe/Berlin] DATABASE::=>Conect successfuly
[13-Oct-2022 23:53:27 Europe/Berlin] DATABASE::=>Conect successfuly
[13-Oct-2022 23:53:27 Europe/Berlin] DATABASE::=>Conect successfuly
[13-Oct-2022 23:53:27 Europe/Berlin] DATABASE::=>Conect successfuly
[13-Oct-2022 23:53:27 Europe/Berlin] APP::constructor=>No existe el controlador favicon.ico
[13-Oct-2022 23:53:27 Europe/Berlin] ERROR_CONTROLLER::CONSTRUCT=>Loaded
[13-Oct-2022 23:53:27 Europe/Berlin] CONTROLLER::CONSTRUCT=>OK
[13-Oct-2022 23:53:27 Europe/Berlin] VIEW::CONSTRUCT=>OK
[13-Oct-2022 23:53:27 Europe/Berlin] CONTROLLER::CONSTRUCT=>OK
[13-Oct-2022 23:53:27 Europe/Berlin] VIEW::CONSTRUCT=>OK
[13-Oct-2022 23:53:27 Europe/Berlin] DATABASE::=>Conect successfuly
[13-Oct-2022 23:53:27 Europe/Berlin] DATABASE::=>Conect successfuly
[13-Oct-2022 23:53:27 Europe/Berlin] DATABASE::=>Conect successfuly
[13-Oct-2022 23:53:27 Europe/Berlin] DATABASE::=>Conect successfuly
[13-Oct-2022 23:53:27 Europe/Berlin] DATABASE::=>Conect successfuly
[13-Oct-2022 23:53:27 Europe/Berlin] DATABASE::=>Conect successfuly
[13-Oct-2022 23:53:27 Europe/Berlin] DATABASE::=>Conect successfuly
[13-Oct-2022 23:53:27 Europe/Berlin] DATABASE::=>Conect successfuly
[13-Oct-2022 23:53:27 Europe/Berlin] APP::constructor=>No existe el controlador favicon.ico
[13-Oct-2022 23:53:27 Europe/Berlin] ERROR_CONTROLLER::CONSTRUCT=>Loaded
[13-Oct-2022 23:53:27 Europe/Berlin] CONTROLLER::CONSTRUCT=>OK
[13-Oct-2022 23:53:27 Europe/Berlin] VIEW::CONSTRUCT=>OK
[13-Oct-2022 23:53:29 Europe/Berlin] CONTROLLER::CONSTRUCT=>OK
[13-Oct-2022 23:53:29 Europe/Berlin] VIEW::CONSTRUCT=>OK
[13-Oct-2022 23:53:29 Europe/Berlin] DATABASE::=>Conect successfuly
[13-Oct-2022 23:53:29 Europe/Berlin] DATABASE::=>Conect successfuly
[13-Oct-2022 23:53:29 Europe/Berlin] DATABASE::=>Conect successfuly
[13-Oct-2022 23:53:29 Europe/Berlin] DATABASE::=>Conect successfuly
[13-Oct-2022 23:53:29 Europe/Berlin] DATABASE::=>Conect successfuly
[13-Oct-2022 23:53:29 Europe/Berlin] DATABASE::=>Conect successfuly
[13-Oct-2022 23:53:29 Europe/Berlin] DATABASE::=>Conect successfuly
[13-Oct-2022 23:53:29 Europe/Berlin] DATABASE::=>Conect successfuly
[13-Oct-2022 23:53:29 Europe/Berlin] APP::constructor=>No existe el controlador public
[13-Oct-2022 23:53:29 Europe/Berlin] ERROR_CONTROLLER::CONSTRUCT=>Loaded
[13-Oct-2022 23:53:29 Europe/Berlin] CONTROLLER::CONSTRUCT=>OK
[13-Oct-2022 23:53:29 Europe/Berlin] VIEW::CONSTRUCT=>OK
[13-Oct-2022 23:53:30 Europe/Berlin] APP::constructor=>No existe el controlador favicon.ico
[13-Oct-2022 23:53:30 Europe/Berlin] ERROR_CONTROLLER::CONSTRUCT=>Loaded
[13-Oct-2022 23:53:30 Europe/Berlin] CONTROLLER::CONSTRUCT=>OK
[13-Oct-2022 23:53:30 Europe/Berlin] VIEW::CONSTRUCT=>OK
[13-Oct-2022 23:54:00 Europe/Berlin] CONTROLLER::CONSTRUCT=>OK
[13-Oct-2022 23:54:00 Europe/Berlin] VIEW::CONSTRUCT=>OK
[13-Oct-2022 23:54:00 Europe/Berlin] DATABASE::=>Conect successfuly
[13-Oct-2022 23:54:00 Europe/Berlin] DATABASE::=>Conect successfuly
[13-Oct-2022 23:54:00 Europe/Berlin] DATABASE::=>Conect successfuly
[13-Oct-2022 23:54:00 Europe/Berlin] DATABASE::=>Conect successfuly
[13-Oct-2022 23:54:00 Europe/Berlin] DATABASE::=>Conect successfuly
[13-Oct-2022 23:54:00 Europe/Berlin] DATABASE::=>Conect successfuly
[13-Oct-2022 23:54:00 Europe/Berlin] DATABASE::=>Conect successfuly
[13-Oct-2022 23:54:00 Europe/Berlin] DATABASE::=>Conect successfuly
[13-Oct-2022 23:54:01 Europe/Berlin] APP::constructor=>No existe el controlador public
[13-Oct-2022 23:54:01 Europe/Berlin] ERROR_CONTROLLER::CONSTRUCT=>Loaded
[13-Oct-2022 23:54:01 Europe/Berlin] CONTROLLER::CONSTRUCT=>OK
[13-Oct-2022 23:54:01 Europe/Berlin] VIEW::CONSTRUCT=>OK
[13-Oct-2022 23:54:01 Europe/Berlin] APP::constructor=>No existe el controlador favicon.ico
[13-Oct-2022 23:54:01 Europe/Berlin] ERROR_CONTROLLER::CONSTRUCT=>Loaded
[13-Oct-2022 23:54:01 Europe/Berlin] CONTROLLER::CONSTRUCT=>OK
[13-Oct-2022 23:54:01 Europe/Berlin] VIEW::CONSTRUCT=>OK
[13-Oct-2022 23:54:27 Europe/Berlin] CONTROLLER::CONSTRUCT=>OK
[13-Oct-2022 23:54:27 Europe/Berlin] VIEW::CONSTRUCT=>OK
[13-Oct-2022 23:54:27 Europe/Berlin] DATABASE::=>Conect successfuly
[13-Oct-2022 23:54:27 Europe/Berlin] DATABASE::=>Conect successfuly
[13-Oct-2022 23:54:27 Europe/Berlin] DATABASE::=>Conect successfuly
[13-Oct-2022 23:54:27 Europe/Berlin] DATABASE::=>Conect successfuly
[13-Oct-2022 23:54:27 Europe/Berlin] DATABASE::=>Conect successfuly
[13-Oct-2022 23:54:27 Europe/Berlin] DATABASE::=>Conect successfuly
[13-Oct-2022 23:54:27 Europe/Berlin] DATABASE::=>Conect successfuly
[13-Oct-2022 23:54:27 Europe/Berlin] DATABASE::=>Conect successfuly
[13-Oct-2022 23:54:27 Europe/Berlin] APP::constructor=>No existe el controlador public
[13-Oct-2022 23:54:27 Europe/Berlin] ERROR_CONTROLLER::CONSTRUCT=>Loaded
[13-Oct-2022 23:54:27 Europe/Berlin] CONTROLLER::CONSTRUCT=>OK
[13-Oct-2022 23:54:27 Europe/Berlin] VIEW::CONSTRUCT=>OK
[13-Oct-2022 23:54:27 Europe/Berlin] APP::constructor=>No existe el controlador favicon.ico
[13-Oct-2022 23:54:27 Europe/Berlin] ERROR_CONTROLLER::CONSTRUCT=>Loaded
[13-Oct-2022 23:54:27 Europe/Berlin] CONTROLLER::CONSTRUCT=>OK
[13-Oct-2022 23:54:27 Europe/Berlin] VIEW::CONSTRUCT=>OK
[13-Oct-2022 23:55:06 Europe/Berlin] CONTROLLER::CONSTRUCT=>OK
[13-Oct-2022 23:55:06 Europe/Berlin] VIEW::CONSTRUCT=>OK
[13-Oct-2022 23:55:06 Europe/Berlin] DATABASE::=>Conect successfuly
[13-Oct-2022 23:55:06 Europe/Berlin] DATABASE::=>Conect successfuly
[13-Oct-2022 23:55:06 Europe/Berlin] DATABASE::=>Conect successfuly
[13-Oct-2022 23:55:06 Europe/Berlin] DATABASE::=>Conect successfuly
[13-Oct-2022 23:55:06 Europe/Berlin] DATABASE::=>Conect successfuly
[13-Oct-2022 23:55:06 Europe/Berlin] DATABASE::=>Conect successfuly
[13-Oct-2022 23:55:06 Europe/Berlin] DATABASE::=>Conect successfuly
[13-Oct-2022 23:55:06 Europe/Berlin] DATABASE::=>Conect successfuly
[13-Oct-2022 23:55:06 Europe/Berlin] APP::constructor=>No existe el controlador public
[13-Oct-2022 23:55:06 Europe/Berlin] ERROR_CONTROLLER::CONSTRUCT=>Loaded
[13-Oct-2022 23:55:06 Europe/Berlin] CONTROLLER::CONSTRUCT=>OK
[13-Oct-2022 23:55:06 Europe/Berlin] VIEW::CONSTRUCT=>OK
[13-Oct-2022 23:55:06 Europe/Berlin] APP::constructor=>No existe el controlador favicon.ico
[13-Oct-2022 23:55:06 Europe/Berlin] ERROR_CONTROLLER::CONSTRUCT=>Loaded
[13-Oct-2022 23:55:06 Europe/Berlin] CONTROLLER::CONSTRUCT=>OK
[13-Oct-2022 23:55:06 Europe/Berlin] VIEW::CONSTRUCT=>OK
[13-Oct-2022 23:55:07 Europe/Berlin] CONTROLLER::CONSTRUCT=>OK
[13-Oct-2022 23:55:07 Europe/Berlin] VIEW::CONSTRUCT=>OK
[13-Oct-2022 23:55:07 Europe/Berlin] DATABASE::=>Conect successfuly
[13-Oct-2022 23:55:07 Europe/Berlin] DATABASE::=>Conect successfuly
[13-Oct-2022 23:55:07 Europe/Berlin] DATABASE::=>Conect successfuly
[13-Oct-2022 23:55:07 Europe/Berlin] DATABASE::=>Conect successfuly
[13-Oct-2022 23:55:07 Europe/Berlin] DATABASE::=>Conect successfuly
[13-Oct-2022 23:55:07 Europe/Berlin] DATABASE::=>Conect successfuly
[13-Oct-2022 23:55:07 Europe/Berlin] DATABASE::=>Conect successfuly
[13-Oct-2022 23:55:07 Europe/Berlin] DATABASE::=>Conect successfuly
[13-Oct-2022 23:55:07 Europe/Berlin] APP::constructor=>No existe el controlador public
[13-Oct-2022 23:55:07 Europe/Berlin] ERROR_CONTROLLER::CONSTRUCT=>Loaded
[13-Oct-2022 23:55:07 Europe/Berlin] CONTROLLER::CONSTRUCT=>OK
[13-Oct-2022 23:55:07 Europe/Berlin] VIEW::CONSTRUCT=>OK
[13-Oct-2022 23:55:07 Europe/Berlin] APP::constructor=>No existe el controlador favicon.ico
[13-Oct-2022 23:55:07 Europe/Berlin] ERROR_CONTROLLER::CONSTRUCT=>Loaded
[13-Oct-2022 23:55:07 Europe/Berlin] CONTROLLER::CONSTRUCT=>OK
[13-Oct-2022 23:55:07 Europe/Berlin] VIEW::CONSTRUCT=>OK
[13-Oct-2022 23:55:07 Europe/Berlin] CONTROLLER::CONSTRUCT=>OK
[13-Oct-2022 23:55:07 Europe/Berlin] VIEW::CONSTRUCT=>OK
[13-Oct-2022 23:55:07 Europe/Berlin] DATABASE::=>Conect successfuly
[13-Oct-2022 23:55:07 Europe/Berlin] DATABASE::=>Conect successfuly
[13-Oct-2022 23:55:07 Europe/Berlin] DATABASE::=>Conect successfuly
[13-Oct-2022 23:55:07 Europe/Berlin] DATABASE::=>Conect successfuly
[13-Oct-2022 23:55:07 Europe/Berlin] DATABASE::=>Conect successfuly
[13-Oct-2022 23:55:07 Europe/Berlin] DATABASE::=>Conect successfuly
[13-Oct-2022 23:55:07 Europe/Berlin] DATABASE::=>Conect successfuly
[13-Oct-2022 23:55:07 Europe/Berlin] DATABASE::=>Conect successfuly
[13-Oct-2022 23:55:07 Europe/Berlin] APP::constructor=>No existe el controlador public
[13-Oct-2022 23:55:07 Europe/Berlin] ERROR_CONTROLLER::CONSTRUCT=>Loaded
[13-Oct-2022 23:55:07 Europe/Berlin] CONTROLLER::CONSTRUCT=>OK
[13-Oct-2022 23:55:07 Europe/Berlin] VIEW::CONSTRUCT=>OK
[13-Oct-2022 23:55:07 Europe/Berlin] APP::constructor=>No existe el controlador favicon.ico
[13-Oct-2022 23:55:07 Europe/Berlin] ERROR_CONTROLLER::CONSTRUCT=>Loaded
[13-Oct-2022 23:55:07 Europe/Berlin] CONTROLLER::CONSTRUCT=>OK
[13-Oct-2022 23:55:07 Europe/Berlin] VIEW::CONSTRUCT=>OK
[13-Oct-2022 23:55:07 Europe/Berlin] CONTROLLER::CONSTRUCT=>OK
[13-Oct-2022 23:55:07 Europe/Berlin] VIEW::CONSTRUCT=>OK
[13-Oct-2022 23:55:07 Europe/Berlin] DATABASE::=>Conect successfuly
[13-Oct-2022 23:55:07 Europe/Berlin] DATABASE::=>Conect successfuly
[13-Oct-2022 23:55:07 Europe/Berlin] DATABASE::=>Conect successfuly
[13-Oct-2022 23:55:07 Europe/Berlin] DATABASE::=>Conect successfuly
[13-Oct-2022 23:55:07 Europe/Berlin] DATABASE::=>Conect successfuly
[13-Oct-2022 23:55:07 Europe/Berlin] DATABASE::=>Conect successfuly
[13-Oct-2022 23:55:07 Europe/Berlin] DATABASE::=>Conect successfuly
[13-Oct-2022 23:55:07 Europe/Berlin] DATABASE::=>Conect successfuly
[13-Oct-2022 23:55:07 Europe/Berlin] APP::constructor=>No existe el controlador public
[13-Oct-2022 23:55:07 Europe/Berlin] ERROR_CONTROLLER::CONSTRUCT=>Loaded
[13-Oct-2022 23:55:07 Europe/Berlin] CONTROLLER::CONSTRUCT=>OK
[13-Oct-2022 23:55:07 Europe/Berlin] VIEW::CONSTRUCT=>OK
[13-Oct-2022 23:55:07 Europe/Berlin] APP::constructor=>No existe el controlador favicon.ico
[13-Oct-2022 23:55:07 Europe/Berlin] ERROR_CONTROLLER::CONSTRUCT=>Loaded
[13-Oct-2022 23:55:07 Europe/Berlin] CONTROLLER::CONSTRUCT=>OK
[13-Oct-2022 23:55:07 Europe/Berlin] VIEW::CONSTRUCT=>OK
[13-Oct-2022 23:55:07 Europe/Berlin] CONTROLLER::CONSTRUCT=>OK
[13-Oct-2022 23:55:07 Europe/Berlin] VIEW::CONSTRUCT=>OK
[13-Oct-2022 23:55:07 Europe/Berlin] DATABASE::=>Conect successfuly
[13-Oct-2022 23:55:07 Europe/Berlin] DATABASE::=>Conect successfuly
[13-Oct-2022 23:55:07 Europe/Berlin] DATABASE::=>Conect successfuly
[13-Oct-2022 23:55:07 Europe/Berlin] DATABASE::=>Conect successfuly
[13-Oct-2022 23:55:07 Europe/Berlin] DATABASE::=>Conect successfuly
[13-Oct-2022 23:55:07 Europe/Berlin] DATABASE::=>Conect successfuly
[13-Oct-2022 23:55:07 Europe/Berlin] DATABASE::=>Conect successfuly
[13-Oct-2022 23:55:07 Europe/Berlin] DATABASE::=>Conect successfuly
[13-Oct-2022 23:55:07 Europe/Berlin] APP::constructor=>No existe el controlador public
[13-Oct-2022 23:55:07 Europe/Berlin] ERROR_CONTROLLER::CONSTRUCT=>Loaded
[13-Oct-2022 23:55:07 Europe/Berlin] CONTROLLER::CONSTRUCT=>OK
[13-Oct-2022 23:55:07 Europe/Berlin] VIEW::CONSTRUCT=>OK
[13-Oct-2022 23:55:07 Europe/Berlin] APP::constructor=>No existe el controlador favicon.ico
[13-Oct-2022 23:55:07 Europe/Berlin] ERROR_CONTROLLER::CONSTRUCT=>Loaded
[13-Oct-2022 23:55:07 Europe/Berlin] CONTROLLER::CONSTRUCT=>OK
[13-Oct-2022 23:55:07 Europe/Berlin] VIEW::CONSTRUCT=>OK
[13-Oct-2022 23:55:30 Europe/Berlin] CONTROLLER::CONSTRUCT=>OK
[13-Oct-2022 23:55:30 Europe/Berlin] VIEW::CONSTRUCT=>OK
[13-Oct-2022 23:55:30 Europe/Berlin] DATABASE::=>Conect successfuly
[13-Oct-2022 23:55:30 Europe/Berlin] DATABASE::=>Conect successfuly
[13-Oct-2022 23:55:30 Europe/Berlin] DATABASE::=>Conect successfuly
[13-Oct-2022 23:55:30 Europe/Berlin] DATABASE::=>Conect successfuly
[13-Oct-2022 23:55:30 Europe/Berlin] DATABASE::=>Conect successfuly
[13-Oct-2022 23:55:30 Europe/Berlin] DATABASE::=>Conect successfuly
[13-Oct-2022 23:55:30 Europe/Berlin] DATABASE::=>Conect successfuly
[13-Oct-2022 23:55:30 Europe/Berlin] DATABASE::=>Conect successfuly
[13-Oct-2022 23:55:30 Europe/Berlin] APP::constructor=>No existe el controlador public
[13-Oct-2022 23:55:30 Europe/Berlin] ERROR_CONTROLLER::CONSTRUCT=>Loaded
[13-Oct-2022 23:55:30 Europe/Berlin] CONTROLLER::CONSTRUCT=>OK
[13-Oct-2022 23:55:30 Europe/Berlin] VIEW::CONSTRUCT=>OK
[13-Oct-2022 23:55:30 Europe/Berlin] APP::constructor=>No existe el controlador favicon.ico
[13-Oct-2022 23:55:30 Europe/Berlin] ERROR_CONTROLLER::CONSTRUCT=>Loaded
[13-Oct-2022 23:55:30 Europe/Berlin] CONTROLLER::CONSTRUCT=>OK
[13-Oct-2022 23:55:30 Europe/Berlin] VIEW::CONSTRUCT=>OK
[13-Oct-2022 23:55:30 Europe/Berlin] CONTROLLER::CONSTRUCT=>OK
[13-Oct-2022 23:55:30 Europe/Berlin] VIEW::CONSTRUCT=>OK
[13-Oct-2022 23:55:30 Europe/Berlin] DATABASE::=>Conect successfuly
[13-Oct-2022 23:55:30 Europe/Berlin] DATABASE::=>Conect successfuly
[13-Oct-2022 23:55:30 Europe/Berlin] DATABASE::=>Conect successfuly
[13-Oct-2022 23:55:30 Europe/Berlin] DATABASE::=>Conect successfuly
[13-Oct-2022 23:55:30 Europe/Berlin] DATABASE::=>Conect successfuly
[13-Oct-2022 23:55:30 Europe/Berlin] DATABASE::=>Conect successfuly
[13-Oct-2022 23:55:30 Europe/Berlin] DATABASE::=>Conect successfuly
[13-Oct-2022 23:55:30 Europe/Berlin] DATABASE::=>Conect successfuly
[13-Oct-2022 23:55:30 Europe/Berlin] APP::constructor=>No existe el controlador public
[13-Oct-2022 23:55:30 Europe/Berlin] ERROR_CONTROLLER::CONSTRUCT=>Loaded
[13-Oct-2022 23:55:30 Europe/Berlin] CONTROLLER::CONSTRUCT=>OK
[13-Oct-2022 23:55:30 Europe/Berlin] VIEW::CONSTRUCT=>OK
[13-Oct-2022 23:55:30 Europe/Berlin] APP::constructor=>No existe el controlador favicon.ico
[13-Oct-2022 23:55:30 Europe/Berlin] ERROR_CONTROLLER::CONSTRUCT=>Loaded
[13-Oct-2022 23:55:30 Europe/Berlin] CONTROLLER::CONSTRUCT=>OK
[13-Oct-2022 23:55:30 Europe/Berlin] VIEW::CONSTRUCT=>OK
[13-Oct-2022 23:55:30 Europe/Berlin] CONTROLLER::CONSTRUCT=>OK
[13-Oct-2022 23:55:30 Europe/Berlin] VIEW::CONSTRUCT=>OK
[13-Oct-2022 23:55:30 Europe/Berlin] DATABASE::=>Conect successfuly
[13-Oct-2022 23:55:30 Europe/Berlin] DATABASE::=>Conect successfuly
[13-Oct-2022 23:55:30 Europe/Berlin] DATABASE::=>Conect successfuly
[13-Oct-2022 23:55:30 Europe/Berlin] DATABASE::=>Conect successfuly
[13-Oct-2022 23:55:30 Europe/Berlin] DATABASE::=>Conect successfuly
[13-Oct-2022 23:55:30 Europe/Berlin] DATABASE::=>Conect successfuly
[13-Oct-2022 23:55:30 Europe/Berlin] DATABASE::=>Conect successfuly
[13-Oct-2022 23:55:30 Europe/Berlin] DATABASE::=>Conect successfuly
[13-Oct-2022 23:55:30 Europe/Berlin] APP::constructor=>No existe el controlador public
[13-Oct-2022 23:55:30 Europe/Berlin] ERROR_CONTROLLER::CONSTRUCT=>Loaded
[13-Oct-2022 23:55:30 Europe/Berlin] CONTROLLER::CONSTRUCT=>OK
[13-Oct-2022 23:55:30 Europe/Berlin] VIEW::CONSTRUCT=>OK
[13-Oct-2022 23:55:30 Europe/Berlin] APP::constructor=>No existe el controlador favicon.ico
[13-Oct-2022 23:55:30 Europe/Berlin] ERROR_CONTROLLER::CONSTRUCT=>Loaded
[13-Oct-2022 23:55:30 Europe/Berlin] CONTROLLER::CONSTRUCT=>OK
[13-Oct-2022 23:55:30 Europe/Berlin] VIEW::CONSTRUCT=>OK
[13-Oct-2022 23:55:32 Europe/Berlin] CONTROLLER::CONSTRUCT=>OK
[13-Oct-2022 23:55:32 Europe/Berlin] VIEW::CONSTRUCT=>OK
[13-Oct-2022 23:55:32 Europe/Berlin] DATABASE::=>Conect successfuly
[13-Oct-2022 23:55:32 Europe/Berlin] DATABASE::=>Conect successfuly
[13-Oct-2022 23:55:32 Europe/Berlin] DATABASE::=>Conect successfuly
[13-Oct-2022 23:55:32 Europe/Berlin] DATABASE::=>Conect successfuly
[13-Oct-2022 23:55:32 Europe/Berlin] DATABASE::=>Conect successfuly
[13-Oct-2022 23:55:32 Europe/Berlin] DATABASE::=>Conect successfuly
[13-Oct-2022 23:55:32 Europe/Berlin] DATABASE::=>Conect successfuly
[13-Oct-2022 23:55:32 Europe/Berlin] DATABASE::=>Conect successfuly
[13-Oct-2022 23:55:32 Europe/Berlin] APP::constructor=>No existe el controlador public
[13-Oct-2022 23:55:32 Europe/Berlin] ERROR_CONTROLLER::CONSTRUCT=>Loaded
[13-Oct-2022 23:55:32 Europe/Berlin] CONTROLLER::CONSTRUCT=>OK
[13-Oct-2022 23:55:32 Europe/Berlin] VIEW::CONSTRUCT=>OK
[13-Oct-2022 23:55:33 Europe/Berlin] APP::constructor=>No existe el controlador favicon.ico
[13-Oct-2022 23:55:33 Europe/Berlin] ERROR_CONTROLLER::CONSTRUCT=>Loaded
[13-Oct-2022 23:55:33 Europe/Berlin] CONTROLLER::CONSTRUCT=>OK
[13-Oct-2022 23:55:33 Europe/Berlin] VIEW::CONSTRUCT=>OK
[13-Oct-2022 23:55:35 Europe/Berlin] CONTROLLER::CONSTRUCT=>OK
[13-Oct-2022 23:55:35 Europe/Berlin] VIEW::CONSTRUCT=>OK
[13-Oct-2022 23:55:35 Europe/Berlin] DATABASE::=>Conect successfuly
[13-Oct-2022 23:55:35 Europe/Berlin] DATABASE::=>Conect successfuly
[13-Oct-2022 23:55:35 Europe/Berlin] DATABASE::=>Conect successfuly
[13-Oct-2022 23:55:35 Europe/Berlin] DATABASE::=>Conect successfuly
[13-Oct-2022 23:55:35 Europe/Berlin] DATABASE::=>Conect successfuly
[13-Oct-2022 23:55:35 Europe/Berlin] DATABASE::=>Conect successfuly
[13-Oct-2022 23:55:35 Europe/Berlin] DATABASE::=>Conect successfuly
[13-Oct-2022 23:55:35 Europe/Berlin] DATABASE::=>Conect successfuly
[13-Oct-2022 23:55:35 Europe/Berlin] APP::constructor=>No existe el controlador public
[13-Oct-2022 23:55:35 Europe/Berlin] ERROR_CONTROLLER::CONSTRUCT=>Loaded
[13-Oct-2022 23:55:35 Europe/Berlin] CONTROLLER::CONSTRUCT=>OK
[13-Oct-2022 23:55:35 Europe/Berlin] VIEW::CONSTRUCT=>OK
[13-Oct-2022 23:55:36 Europe/Berlin] APP::constructor=>No existe el controlador favicon.ico
[13-Oct-2022 23:55:36 Europe/Berlin] ERROR_CONTROLLER::CONSTRUCT=>Loaded
[13-Oct-2022 23:55:36 Europe/Berlin] CONTROLLER::CONSTRUCT=>OK
[13-Oct-2022 23:55:36 Europe/Berlin] VIEW::CONSTRUCT=>OK
[13-Oct-2022 23:55:56 Europe/Berlin] CONTROLLER::CONSTRUCT=>OK
[13-Oct-2022 23:55:56 Europe/Berlin] VIEW::CONSTRUCT=>OK
[13-Oct-2022 23:55:56 Europe/Berlin] DATABASE::=>Conect successfuly
[13-Oct-2022 23:55:56 Europe/Berlin] DATABASE::=>Conect successfuly
[13-Oct-2022 23:55:56 Europe/Berlin] DATABASE::=>Conect successfuly
[13-Oct-2022 23:55:56 Europe/Berlin] DATABASE::=>Conect successfuly
[13-Oct-2022 23:55:56 Europe/Berlin] DATABASE::=>Conect successfuly
[13-Oct-2022 23:55:56 Europe/Berlin] DATABASE::=>Conect successfuly
[13-Oct-2022 23:55:56 Europe/Berlin] DATABASE::=>Conect successfuly
[13-Oct-2022 23:55:56 Europe/Berlin] DATABASE::=>Conect successfuly
[13-Oct-2022 23:55:56 Europe/Berlin] APP::constructor=>No existe el controlador public
[13-Oct-2022 23:55:56 Europe/Berlin] ERROR_CONTROLLER::CONSTRUCT=>Loaded
[13-Oct-2022 23:55:56 Europe/Berlin] CONTROLLER::CONSTRUCT=>OK
[13-Oct-2022 23:55:56 Europe/Berlin] VIEW::CONSTRUCT=>OK
[13-Oct-2022 23:55:56 Europe/Berlin] APP::constructor=>No existe el controlador favicon.ico
[13-Oct-2022 23:55:56 Europe/Berlin] ERROR_CONTROLLER::CONSTRUCT=>Loaded
[13-Oct-2022 23:55:56 Europe/Berlin] CONTROLLER::CONSTRUCT=>OK
[13-Oct-2022 23:55:56 Europe/Berlin] VIEW::CONSTRUCT=>OK
[13-Oct-2022 23:56:07 Europe/Berlin] CONTROLLER::CONSTRUCT=>OK
[13-Oct-2022 23:56:07 Europe/Berlin] VIEW::CONSTRUCT=>OK
[13-Oct-2022 23:56:07 Europe/Berlin] DATABASE::=>Conect successfuly
[13-Oct-2022 23:56:07 Europe/Berlin] DATABASE::=>Conect successfuly
[13-Oct-2022 23:56:08 Europe/Berlin] DATABASE::=>Conect successfuly
[13-Oct-2022 23:56:08 Europe/Berlin] DATABASE::=>Conect successfuly
[13-Oct-2022 23:56:08 Europe/Berlin] DATABASE::=>Conect successfuly
[13-Oct-2022 23:56:08 Europe/Berlin] DATABASE::=>Conect successfuly
[13-Oct-2022 23:56:08 Europe/Berlin] DATABASE::=>Conect successfuly
[13-Oct-2022 23:56:08 Europe/Berlin] DATABASE::=>Conect successfuly
[13-Oct-2022 23:56:08 Europe/Berlin] APP::constructor=>No existe el controlador public
[13-Oct-2022 23:56:08 Europe/Berlin] ERROR_CONTROLLER::CONSTRUCT=>Loaded
[13-Oct-2022 23:56:08 Europe/Berlin] CONTROLLER::CONSTRUCT=>OK
[13-Oct-2022 23:56:08 Europe/Berlin] VIEW::CONSTRUCT=>OK
[13-Oct-2022 23:56:08 Europe/Berlin] APP::constructor=>No existe el controlador favicon.ico
[13-Oct-2022 23:56:08 Europe/Berlin] ERROR_CONTROLLER::CONSTRUCT=>Loaded
[13-Oct-2022 23:56:08 Europe/Berlin] CONTROLLER::CONSTRUCT=>OK
[13-Oct-2022 23:56:08 Europe/Berlin] VIEW::CONSTRUCT=>OK
[13-Oct-2022 23:58:57 Europe/Berlin] CONTROLLER::CONSTRUCT=>OK
[13-Oct-2022 23:58:57 Europe/Berlin] VIEW::CONSTRUCT=>OK
[13-Oct-2022 23:58:57 Europe/Berlin] DATABASE::=>Conect successfuly
[13-Oct-2022 23:58:57 Europe/Berlin] DATABASE::=>Conect successfuly
[13-Oct-2022 23:58:57 Europe/Berlin] DATABASE::=>Conect successfuly
[13-Oct-2022 23:58:57 Europe/Berlin] DATABASE::=>Conect successfuly
[13-Oct-2022 23:58:57 Europe/Berlin] DATABASE::=>Conect successfuly
[13-Oct-2022 23:58:57 Europe/Berlin] DATABASE::=>Conect successfuly
[13-Oct-2022 23:58:57 Europe/Berlin] DATABASE::=>Conect successfuly
[13-Oct-2022 23:58:57 Europe/Berlin] DATABASE::=>Conect successfuly
[13-Oct-2022 23:58:57 Europe/Berlin] APP::constructor=>No existe el controlador public
[13-Oct-2022 23:58:57 Europe/Berlin] ERROR_CONTROLLER::CONSTRUCT=>Loaded
[13-Oct-2022 23:58:57 Europe/Berlin] CONTROLLER::CONSTRUCT=>OK
[13-Oct-2022 23:58:57 Europe/Berlin] VIEW::CONSTRUCT=>OK
[13-Oct-2022 23:58:57 Europe/Berlin] APP::constructor=>No existe el controlador favicon.ico
[13-Oct-2022 23:58:57 Europe/Berlin] ERROR_CONTROLLER::CONSTRUCT=>Loaded
[13-Oct-2022 23:58:57 Europe/Berlin] CONTROLLER::CONSTRUCT=>OK
[13-Oct-2022 23:58:57 Europe/Berlin] VIEW::CONSTRUCT=>OK
[13-Oct-2022 23:59:26 Europe/Berlin] CONTROLLER::CONSTRUCT=>OK
[13-Oct-2022 23:59:26 Europe/Berlin] VIEW::CONSTRUCT=>OK
[13-Oct-2022 23:59:26 Europe/Berlin] DATABASE::=>Conect successfuly
[13-Oct-2022 23:59:26 Europe/Berlin] DATABASE::=>Conect successfuly
[13-Oct-2022 23:59:26 Europe/Berlin] DATABASE::=>Conect successfuly
[13-Oct-2022 23:59:27 Europe/Berlin] DATABASE::=>Conect successfuly
[13-Oct-2022 23:59:27 Europe/Berlin] DATABASE::=>Conect successfuly
[13-Oct-2022 23:59:27 Europe/Berlin] DATABASE::=>Conect successfuly
[13-Oct-2022 23:59:27 Europe/Berlin] DATABASE::=>Conect successfuly
[13-Oct-2022 23:59:27 Europe/Berlin] DATABASE::=>Conect successfuly
[13-Oct-2022 23:59:27 Europe/Berlin] APP::constructor=>No existe el controlador public
[13-Oct-2022 23:59:27 Europe/Berlin] ERROR_CONTROLLER::CONSTRUCT=>Loaded
[13-Oct-2022 23:59:27 Europe/Berlin] CONTROLLER::CONSTRUCT=>OK
[13-Oct-2022 23:59:27 Europe/Berlin] VIEW::CONSTRUCT=>OK
[13-Oct-2022 23:59:27 Europe/Berlin] APP::constructor=>No existe el controlador favicon.ico
[13-Oct-2022 23:59:27 Europe/Berlin] ERROR_CONTROLLER::CONSTRUCT=>Loaded
[13-Oct-2022 23:59:27 Europe/Berlin] CONTROLLER::CONSTRUCT=>OK
[13-Oct-2022 23:59:27 Europe/Berlin] VIEW::CONSTRUCT=>OK
[14-Oct-2022 00:00:07 Europe/Berlin] CONTROLLER::CONSTRUCT=>OK
[14-Oct-2022 00:00:07 Europe/Berlin] VIEW::CONSTRUCT=>OK
[14-Oct-2022 00:00:07 Europe/Berlin] DATABASE::=>Conect successfuly
[14-Oct-2022 00:00:07 Europe/Berlin] DATABASE::=>Conect successfuly
[14-Oct-2022 00:00:07 Europe/Berlin] DATABASE::=>Conect successfuly
[14-Oct-2022 00:00:07 Europe/Berlin] DATABASE::=>Conect successfuly
[14-Oct-2022 00:00:07 Europe/Berlin] DATABASE::=>Conect successfuly
[14-Oct-2022 00:00:07 Europe/Berlin] DATABASE::=>Conect successfuly
[14-Oct-2022 00:00:07 Europe/Berlin] DATABASE::=>Conect successfuly
[14-Oct-2022 00:00:07 Europe/Berlin] DATABASE::=>Conect successfuly
[14-Oct-2022 00:00:08 Europe/Berlin] APP::constructor=>No existe el controlador public
[14-Oct-2022 00:00:08 Europe/Berlin] ERROR_CONTROLLER::CONSTRUCT=>Loaded
[14-Oct-2022 00:00:08 Europe/Berlin] CONTROLLER::CONSTRUCT=>OK
[14-Oct-2022 00:00:08 Europe/Berlin] VIEW::CONSTRUCT=>OK
[14-Oct-2022 00:00:08 Europe/Berlin] APP::constructor=>No existe el controlador favicon.ico
[14-Oct-2022 00:00:08 Europe/Berlin] ERROR_CONTROLLER::CONSTRUCT=>Loaded
[14-Oct-2022 00:00:08 Europe/Berlin] CONTROLLER::CONSTRUCT=>OK
[14-Oct-2022 00:00:08 Europe/Berlin] VIEW::CONSTRUCT=>OK
[14-Oct-2022 00:00:38 Europe/Berlin] CONTROLLER::CONSTRUCT=>OK
[14-Oct-2022 00:00:38 Europe/Berlin] VIEW::CONSTRUCT=>OK
[14-Oct-2022 00:00:38 Europe/Berlin] DATABASE::=>Conect successfuly
[14-Oct-2022 00:00:38 Europe/Berlin] DATABASE::=>Conect successfuly
[14-Oct-2022 00:00:38 Europe/Berlin] DATABASE::=>Conect successfuly
[14-Oct-2022 00:00:38 Europe/Berlin] DATABASE::=>Conect successfuly
[14-Oct-2022 00:00:38 Europe/Berlin] DATABASE::=>Conect successfuly
[14-Oct-2022 00:00:38 Europe/Berlin] DATABASE::=>Conect successfuly
[14-Oct-2022 00:00:38 Europe/Berlin] DATABASE::=>Conect successfuly
[14-Oct-2022 00:00:38 Europe/Berlin] DATABASE::=>Conect successfuly
[14-Oct-2022 00:00:38 Europe/Berlin] APP::constructor=>No existe el controlador public
[14-Oct-2022 00:00:38 Europe/Berlin] ERROR_CONTROLLER::CONSTRUCT=>Loaded
[14-Oct-2022 00:00:38 Europe/Berlin] CONTROLLER::CONSTRUCT=>OK
[14-Oct-2022 00:00:38 Europe/Berlin] VIEW::CONSTRUCT=>OK
[14-Oct-2022 00:00:38 Europe/Berlin] APP::constructor=>No existe el controlador favicon.ico
[14-Oct-2022 00:00:38 Europe/Berlin] ERROR_CONTROLLER::CONSTRUCT=>Loaded
[14-Oct-2022 00:00:38 Europe/Berlin] CONTROLLER::CONSTRUCT=>OK
[14-Oct-2022 00:00:38 Europe/Berlin] VIEW::CONSTRUCT=>OK
[14-Oct-2022 00:00:39 Europe/Berlin] CONTROLLER::CONSTRUCT=>OK
[14-Oct-2022 00:00:39 Europe/Berlin] VIEW::CONSTRUCT=>OK
[14-Oct-2022 00:00:39 Europe/Berlin] DATABASE::=>Conect successfuly
[14-Oct-2022 00:00:39 Europe/Berlin] DATABASE::=>Conect successfuly
[14-Oct-2022 00:00:39 Europe/Berlin] DATABASE::=>Conect successfuly
[14-Oct-2022 00:00:39 Europe/Berlin] DATABASE::=>Conect successfuly
[14-Oct-2022 00:00:39 Europe/Berlin] DATABASE::=>Conect successfuly
[14-Oct-2022 00:00:39 Europe/Berlin] DATABASE::=>Conect successfuly
[14-Oct-2022 00:00:39 Europe/Berlin] DATABASE::=>Conect successfuly
[14-Oct-2022 00:00:39 Europe/Berlin] DATABASE::=>Conect successfuly
[14-Oct-2022 00:00:39 Europe/Berlin] APP::constructor=>No existe el controlador public
[14-Oct-2022 00:00:39 Europe/Berlin] ERROR_CONTROLLER::CONSTRUCT=>Loaded
[14-Oct-2022 00:00:39 Europe/Berlin] CONTROLLER::CONSTRUCT=>OK
[14-Oct-2022 00:00:39 Europe/Berlin] VIEW::CONSTRUCT=>OK
[14-Oct-2022 00:00:39 Europe/Berlin] APP::constructor=>No existe el controlador favicon.ico
[14-Oct-2022 00:00:39 Europe/Berlin] ERROR_CONTROLLER::CONSTRUCT=>Loaded
[14-Oct-2022 00:00:39 Europe/Berlin] CONTROLLER::CONSTRUCT=>OK
[14-Oct-2022 00:00:39 Europe/Berlin] VIEW::CONSTRUCT=>OK
[14-Oct-2022 00:00:39 Europe/Berlin] CONTROLLER::CONSTRUCT=>OK
[14-Oct-2022 00:00:39 Europe/Berlin] VIEW::CONSTRUCT=>OK
[14-Oct-2022 00:00:39 Europe/Berlin] DATABASE::=>Conect successfuly
[14-Oct-2022 00:00:39 Europe/Berlin] DATABASE::=>Conect successfuly
[14-Oct-2022 00:00:39 Europe/Berlin] DATABASE::=>Conect successfuly
[14-Oct-2022 00:00:39 Europe/Berlin] DATABASE::=>Conect successfuly
[14-Oct-2022 00:00:39 Europe/Berlin] DATABASE::=>Conect successfuly
[14-Oct-2022 00:00:39 Europe/Berlin] DATABASE::=>Conect successfuly
[14-Oct-2022 00:00:39 Europe/Berlin] DATABASE::=>Conect successfuly
[14-Oct-2022 00:00:39 Europe/Berlin] DATABASE::=>Conect successfuly
[14-Oct-2022 00:00:39 Europe/Berlin] APP::constructor=>No existe el controlador public
[14-Oct-2022 00:00:39 Europe/Berlin] ERROR_CONTROLLER::CONSTRUCT=>Loaded
[14-Oct-2022 00:00:39 Europe/Berlin] CONTROLLER::CONSTRUCT=>OK
[14-Oct-2022 00:00:39 Europe/Berlin] VIEW::CONSTRUCT=>OK
[14-Oct-2022 00:00:39 Europe/Berlin] APP::constructor=>No existe el controlador favicon.ico
[14-Oct-2022 00:00:39 Europe/Berlin] ERROR_CONTROLLER::CONSTRUCT=>Loaded
[14-Oct-2022 00:00:39 Europe/Berlin] CONTROLLER::CONSTRUCT=>OK
[14-Oct-2022 00:00:39 Europe/Berlin] VIEW::CONSTRUCT=>OK
[14-Oct-2022 00:00:39 Europe/Berlin] CONTROLLER::CONSTRUCT=>OK
[14-Oct-2022 00:00:39 Europe/Berlin] VIEW::CONSTRUCT=>OK
[14-Oct-2022 00:00:39 Europe/Berlin] DATABASE::=>Conect successfuly
[14-Oct-2022 00:00:39 Europe/Berlin] DATABASE::=>Conect successfuly
[14-Oct-2022 00:00:39 Europe/Berlin] DATABASE::=>Conect successfuly
[14-Oct-2022 00:00:39 Europe/Berlin] DATABASE::=>Conect successfuly
[14-Oct-2022 00:00:39 Europe/Berlin] DATABASE::=>Conect successfuly
[14-Oct-2022 00:00:39 Europe/Berlin] DATABASE::=>Conect successfuly
[14-Oct-2022 00:00:39 Europe/Berlin] DATABASE::=>Conect successfuly
[14-Oct-2022 00:00:39 Europe/Berlin] DATABASE::=>Conect successfuly
[14-Oct-2022 00:00:39 Europe/Berlin] APP::constructor=>No existe el controlador public
[14-Oct-2022 00:00:39 Europe/Berlin] ERROR_CONTROLLER::CONSTRUCT=>Loaded
[14-Oct-2022 00:00:39 Europe/Berlin] CONTROLLER::CONSTRUCT=>OK
[14-Oct-2022 00:00:39 Europe/Berlin] VIEW::CONSTRUCT=>OK
[14-Oct-2022 00:00:39 Europe/Berlin] APP::constructor=>No existe el controlador favicon.ico
[14-Oct-2022 00:00:39 Europe/Berlin] ERROR_CONTROLLER::CONSTRUCT=>Loaded
[14-Oct-2022 00:00:39 Europe/Berlin] CONTROLLER::CONSTRUCT=>OK
[14-Oct-2022 00:00:39 Europe/Berlin] VIEW::CONSTRUCT=>OK
[14-Oct-2022 00:00:39 Europe/Berlin] CONTROLLER::CONSTRUCT=>OK
[14-Oct-2022 00:00:39 Europe/Berlin] VIEW::CONSTRUCT=>OK
[14-Oct-2022 00:00:39 Europe/Berlin] DATABASE::=>Conect successfuly
[14-Oct-2022 00:00:39 Europe/Berlin] DATABASE::=>Conect successfuly
[14-Oct-2022 00:00:39 Europe/Berlin] DATABASE::=>Conect successfuly
[14-Oct-2022 00:00:39 Europe/Berlin] DATABASE::=>Conect successfuly
[14-Oct-2022 00:00:39 Europe/Berlin] DATABASE::=>Conect successfuly
[14-Oct-2022 00:00:39 Europe/Berlin] DATABASE::=>Conect successfuly
[14-Oct-2022 00:00:39 Europe/Berlin] DATABASE::=>Conect successfuly
[14-Oct-2022 00:00:39 Europe/Berlin] DATABASE::=>Conect successfuly
[14-Oct-2022 00:00:39 Europe/Berlin] APP::constructor=>No existe el controlador public
[14-Oct-2022 00:00:39 Europe/Berlin] ERROR_CONTROLLER::CONSTRUCT=>Loaded
[14-Oct-2022 00:00:39 Europe/Berlin] CONTROLLER::CONSTRUCT=>OK
[14-Oct-2022 00:00:39 Europe/Berlin] VIEW::CONSTRUCT=>OK
[14-Oct-2022 00:00:39 Europe/Berlin] APP::constructor=>No existe el controlador favicon.ico
[14-Oct-2022 00:00:39 Europe/Berlin] ERROR_CONTROLLER::CONSTRUCT=>Loaded
[14-Oct-2022 00:00:39 Europe/Berlin] CONTROLLER::CONSTRUCT=>OK
[14-Oct-2022 00:00:39 Europe/Berlin] VIEW::CONSTRUCT=>OK
[14-Oct-2022 00:00:39 Europe/Berlin] CONTROLLER::CONSTRUCT=>OK
[14-Oct-2022 00:00:39 Europe/Berlin] VIEW::CONSTRUCT=>OK
[14-Oct-2022 00:00:39 Europe/Berlin] DATABASE::=>Conect successfuly
[14-Oct-2022 00:00:39 Europe/Berlin] DATABASE::=>Conect successfuly
[14-Oct-2022 00:00:39 Europe/Berlin] DATABASE::=>Conect successfuly
[14-Oct-2022 00:00:39 Europe/Berlin] DATABASE::=>Conect successfuly
[14-Oct-2022 00:00:39 Europe/Berlin] DATABASE::=>Conect successfuly
[14-Oct-2022 00:00:39 Europe/Berlin] DATABASE::=>Conect successfuly
[14-Oct-2022 00:00:39 Europe/Berlin] DATABASE::=>Conect successfuly
[14-Oct-2022 00:00:39 Europe/Berlin] DATABASE::=>Conect successfuly
[14-Oct-2022 00:00:39 Europe/Berlin] APP::constructor=>No existe el controlador public
[14-Oct-2022 00:00:39 Europe/Berlin] ERROR_CONTROLLER::CONSTRUCT=>Loaded
[14-Oct-2022 00:00:39 Europe/Berlin] CONTROLLER::CONSTRUCT=>OK
[14-Oct-2022 00:00:39 Europe/Berlin] VIEW::CONSTRUCT=>OK
[14-Oct-2022 00:00:39 Europe/Berlin] APP::constructor=>No existe el controlador favicon.ico
[14-Oct-2022 00:00:39 Europe/Berlin] ERROR_CONTROLLER::CONSTRUCT=>Loaded
[14-Oct-2022 00:00:39 Europe/Berlin] CONTROLLER::CONSTRUCT=>OK
[14-Oct-2022 00:00:39 Europe/Berlin] VIEW::CONSTRUCT=>OK
[14-Oct-2022 00:00:39 Europe/Berlin] CONTROLLER::CONSTRUCT=>OK
[14-Oct-2022 00:00:39 Europe/Berlin] VIEW::CONSTRUCT=>OK
[14-Oct-2022 00:00:39 Europe/Berlin] DATABASE::=>Conect successfuly
[14-Oct-2022 00:00:39 Europe/Berlin] DATABASE::=>Conect successfuly
[14-Oct-2022 00:00:39 Europe/Berlin] DATABASE::=>Conect successfuly
[14-Oct-2022 00:00:39 Europe/Berlin] DATABASE::=>Conect successfuly
[14-Oct-2022 00:00:39 Europe/Berlin] DATABASE::=>Conect successfuly
[14-Oct-2022 00:00:39 Europe/Berlin] DATABASE::=>Conect successfuly
[14-Oct-2022 00:00:39 Europe/Berlin] DATABASE::=>Conect successfuly
[14-Oct-2022 00:00:39 Europe/Berlin] DATABASE::=>Conect successfuly
[14-Oct-2022 00:00:39 Europe/Berlin] APP::constructor=>No existe el controlador public
[14-Oct-2022 00:00:39 Europe/Berlin] ERROR_CONTROLLER::CONSTRUCT=>Loaded
[14-Oct-2022 00:00:39 Europe/Berlin] CONTROLLER::CONSTRUCT=>OK
[14-Oct-2022 00:00:39 Europe/Berlin] VIEW::CONSTRUCT=>OK
[14-Oct-2022 00:00:39 Europe/Berlin] APP::constructor=>No existe el controlador favicon.ico
[14-Oct-2022 00:00:39 Europe/Berlin] ERROR_CONTROLLER::CONSTRUCT=>Loaded
[14-Oct-2022 00:00:39 Europe/Berlin] CONTROLLER::CONSTRUCT=>OK
[14-Oct-2022 00:00:39 Europe/Berlin] VIEW::CONSTRUCT=>OK
[14-Oct-2022 00:02:04 Europe/Berlin] CONTROLLER::CONSTRUCT=>OK
[14-Oct-2022 00:02:04 Europe/Berlin] VIEW::CONSTRUCT=>OK
[14-Oct-2022 00:02:04 Europe/Berlin] PHP Warning:  Undefined array key "sessionRole" in C:\xampp\htdocs\apprender.com\views\app\index.php on line 8
[14-Oct-2022 00:02:04 Europe/Berlin] APP::constructor=>No se especifico controlador
[14-Oct-2022 00:02:04 Europe/Berlin] CONTROLLER::CONSTRUCT=>OK
[14-Oct-2022 00:02:04 Europe/Berlin] VIEW::CONSTRUCT=>OK
[14-Oct-2022 00:02:04 Europe/Berlin] APP::constructor=>No existe el controlador favicon.ico
[14-Oct-2022 00:02:04 Europe/Berlin] ERROR_CONTROLLER::CONSTRUCT=>Loaded
[14-Oct-2022 00:02:04 Europe/Berlin] CONTROLLER::CONSTRUCT=>OK
[14-Oct-2022 00:02:04 Europe/Berlin] VIEW::CONSTRUCT=>OK
[14-Oct-2022 00:15:42 Europe/Berlin] APP::constructor=>No se especifico controlador
[14-Oct-2022 00:15:42 Europe/Berlin] CONTROLLER::CONSTRUCT=>OK
[14-Oct-2022 00:15:42 Europe/Berlin] VIEW::CONSTRUCT=>OK
[14-Oct-2022 00:15:42 Europe/Berlin] APP::constructor=>No existe el controlador favicon.ico
[14-Oct-2022 00:15:42 Europe/Berlin] ERROR_CONTROLLER::CONSTRUCT=>Loaded
[14-Oct-2022 00:15:42 Europe/Berlin] CONTROLLER::CONSTRUCT=>OK
[14-Oct-2022 00:15:42 Europe/Berlin] VIEW::CONSTRUCT=>OK
[14-Oct-2022 00:15:44 Europe/Berlin] APP::constructor=>No existe el controlador favicon.ico
[14-Oct-2022 00:15:44 Europe/Berlin] ERROR_CONTROLLER::CONSTRUCT=>Loaded
[14-Oct-2022 00:15:44 Europe/Berlin] CONTROLLER::CONSTRUCT=>OK
[14-Oct-2022 00:15:44 Europe/Berlin] VIEW::CONSTRUCT=>OK
[14-Oct-2022 00:15:46 Europe/Berlin] CONTROLLER::CONSTRUCT=>OK
[14-Oct-2022 00:15:46 Europe/Berlin] VIEW::CONSTRUCT=>OK
[14-Oct-2022 00:15:47 Europe/Berlin] APP::constructor=>No existe el controlador favicon.ico
[14-Oct-2022 00:15:47 Europe/Berlin] ERROR_CONTROLLER::CONSTRUCT=>Loaded
[14-Oct-2022 00:15:47 Europe/Berlin] CONTROLLER::CONSTRUCT=>OK
[14-Oct-2022 00:15:47 Europe/Berlin] VIEW::CONSTRUCT=>OK
